Unity Editor version:    2020.3.25f1 (9b9180224418)
Branch:                  2020.3/staging
Build type:              Release
Batch mode:              YES
macOS version:           Version 12.6 (Build 21G115)
Darwin version:          21.6.0
Architecture:            x86_64
Running under Rosetta:   NO
Available memory:        8192 MB
Using pre-set license
Pro License: NO

COMMAND LINE ARGUMENTS:
/Volumes/RESPALDO/Code/Unity/2020.3.25f1/Unity.app/Contents/MacOS/Unity
-adb2
-batchMode
-noUpm
-name
AssetImportWorker8
-projectPath
/Volumes/RESPALDO/Code/Unity/Bamba
-logFile
Logs/AssetImportWorker8.log
-srvPort
50644
Successfully changed project path to: /Volumes/RESPALDO/Code/Unity/Bamba
/Volumes/RESPALDO/Code/Unity/Bamba
Using Asset Import Pipeline V2.
Refreshing native plugins compatible for Editor in 351.16 ms, found 3 plugins.
Preloading 0 native plugins for Editor in 0.00 ms.
Initialize engine version: 2020.3.25f1 (9b9180224418)
[Subsystems] Discovering subsystems at path /Volumes/RESPALDO/Code/Unity/2020.3.25f1/Unity.app/Contents/Resources/UnitySubsystems
[Subsystems] Discovering subsystems at path /Volumes/RESPALDO/Code/Unity/Bamba/Assets
GfxDevice: creating device client; threaded=0
2022-10-10 16:25:07.523 Unity[2799:72914] Color LCD preferred device: Intel(R) Iris(TM) Graphics 6000 (low power)
2022-10-10 16:25:07.523 Unity[2799:72914] Metal devices available: 1
2022-10-10 16:25:07.523 Unity[2799:72914] 0: Intel(R) Iris(TM) Graphics 6000 (low power)
2022-10-10 16:25:07.524 Unity[2799:72914] Using device Intel(R) Iris(TM) Graphics 6000 (low power)
Initializing Metal device caps: Intel(R) Iris(TM) Graphics 6000
Initialize mono
Mono path[0] = '/Volumes/RESPALDO/Code/Unity/2020.3.25f1/Unity.app/Contents/Managed'
Mono path[1] = '/Volumes/RESPALDO/Code/Unity/2020.3.25f1/Unity.app/Contents/MonoBleedingEdge/lib/mono/unityjit'
Mono config path = '/Volumes/RESPALDO/Code/Unity/2020.3.25f1/Unity.app/Contents/MonoBleedingEdge/etc'
Using monoOptions --debugger-agent=transport=dt_socket,embedding=1,server=y,suspend=n,address=127.0.0.1:56799
Begin MonoManager ReloadAssembly
Registering precompiled unity dll's ...
Register platform support module: /Volumes/RESPALDO/Code/Unity/2020.3.25f1/PlaybackEngines/WebGLSupport/UnityEditor.WebGL.Extensions.dll
Register platform support module: /Volumes/RESPALDO/Code/Unity/2020.3.25f1/Unity.app/Contents/PlaybackEngines/MacStandaloneSupport/UnityEditor.OSXStandalone.Extensions.dll
Registered in 0.001672 seconds.
Native extension for OSXStandalone target not found
Native extension for WebGL target not found
Refreshing native plugins compatible for Editor in 223.04 ms, found 3 plugins.
Preloading 0 native plugins for Editor in 0.00 ms.
Mono: successfully reloaded assembly
- Completed reload, in  2.444 seconds
Domain Reload Profiling:
	ReloadAssembly (2445ms)
		BeginReloadAssembly (142ms)
			ExecutionOrderSort (0ms)
			DisableScriptedObjects (0ms)
			BackupInstance (0ms)
			ReleaseScriptingObjects (0ms)
			CreateAndSetChildDomain (3ms)
		EndReloadAssembly (2052ms)
			LoadAssemblies (140ms)
			RebuildTransferFunctionScriptingTraits (1ms)
			SetupTypeCache (481ms)
			ReleaseScriptCaches (0ms)
			RebuildScriptCaches (162ms)
			SetupLoadedEditorAssemblies (990ms)
				LogAssemblyErrors (0ms)
				InitializePlatformSupportModulesInManaged (31ms)
				SetLoadedEditorAssemblies (1ms)
				RefreshPlugins (223ms)
				BeforeProcessingInitializeOnLoad (40ms)
				ProcessInitializeOnLoadAttributes (571ms)
				ProcessInitializeOnLoadMethodAttributes (122ms)
				AfterProcessingInitializeOnLoad (0ms)
				EditorAssembliesLoaded (1ms)
			ExecutionOrderSort2 (0ms)
			AwakeInstancesAfterBackupRestoration (0ms)
Platform modules already initialized, skipping
Registering precompiled user dll's ...
Registered in 0.040597 seconds.
Begin MonoManager ReloadAssembly
Native extension for OSXStandalone target not found
Native extension for WebGL target not found
Refreshing native plugins compatible for Editor in 79.51 ms, found 3 plugins.
Preloading 0 native plugins for Editor in 0.00 ms.
